<?xml version="1.0" encoding="UTF-8" standalone="no"?>
<testsuite errors="0" failures="0" name="io.cucumber.core.plugin.JUnitFormatter" skipped="0" tests="1" time="73.949">
    <testcase classname="Video player functionality" name="Verify the video player functionality." time="73.721">
        <system-out><![CDATA[Given user navigate to application and accept cookies.......................passed
When user clicks on Video in page to begin playback.........................passed
And user clicks the video again to pause playback...........................passed
And user clicks on the forward arrow to change to the next video............passed
And user clicks on the back arrow to navigate to the previous video.........passed
And user on the speaker icon to mute the video..............................passed
And user on the speaker icon again to unmute the video......................passed
Then user checks video is finished and next video should autoplay...........passed
]]></system-out>
    </testcase>
</testsuite>
networkConnectionEnabled: false, pageLoadStrategy: normal, platformName: windows, proxy: Proxy(), se:cdp: ws://localhost:64148/devtoo..., se:cdpVersion: 115.0.5790.102, setWindowRect: true, strictFileInteractability: false, timeouts: {implicit: 0, pageLoad: 300000, script: 30000}, unhandledPromptBehavior: dismiss and notify, webauthn:extension:credBlob: true, webauthn:extension:largeBlob: true, webauthn:extension:minPinLength: true, webauthn:extension:prf: true, webauthn:virtualAuthenticators: true}&#10;Session ID: 49c1bbb83f8141ec82d9163f0677cd55" type="org.openqa.selenium.NoSuchWindowException"><![CDATA[Given user navigate to application and accept cookies.......................passed
When user clicks on Video in page to begin playback.........................passed
And user clicks the video again to pause playback...........................failed
And user clicks on the forward arrow to change to the next video............skipped
And user clicks on the back arrow to navigate to the previous video.........skipped
And user on the speaker icon to mute the video..............................skipped
And user on the speaker icon again to unmute the video......................skipped
Then user checks video is finished and next video should autoplay...........skipped

StackTrace:
org.openqa.selenium.NoSuchWindowException: no such window: target window already closed
from unknown error: web view not found
  (Session info: chrome=115.0.5790.102)
Build info: version: '4.10.0', revision: 'c14d967899'
System info: os.name: 'Windows 11', os.arch: 'amd64', os.version: '10.0', java.version: '17.0.7'
Driver info: org.openqa.selenium.chrome.ChromeDriver
Command: [49c1bbb83f8141ec82d9163f0677cd55, findElement {using=xpath, value=//video[contains(@id,'video')]}]
Capabilities {acceptInsecureCerts: false, browserName: chrome, browserVersion: 115.0.5790.102, chrome: {chromedriverVersion: 114.0.5735.90 (386bc09e8f4f..., userDataDir: C:\Users\prana\AppData\Loca...}, goog:chromeOptions: {debuggerAddress: localhost:64148}, networkConnectionEnabled: false, pageLoadStrategy: normal, platformName: windows, proxy: Proxy(), se:cdp: ws://localhost:64148/devtoo..., se:cdpVersion: 115.0.5790.102, setWindowRect: true, strictFileInteractability: false, timeouts: {implicit: 0, pageLoad: 300000, script: 30000}, unhandledPromptBehavior: dismiss and notify, webauthn:extension:credBlob: true, webauthn:extension:largeBlob: true, webauthn:extension:minPinLength: true, webauthn:extension:prf: true, webauthn:virtualAuthenticators: true}
Session ID: 49c1bbb83f8141ec82d9163f0677cd55
	at java.base/jdk.internal.reflect.NativeConstructorAccessorImpl.newInstance0(Native Method)
	at java.base/jdk.internal.reflect.NativeConstructorAccessorImpl.newInstance(NativeConstructorAccessorImpl.java:77)
	at java.base/jdk.internal.reflect.DelegatingConstructorAccessorImpl.newInstance(DelegatingConstructorAccessorImpl.java:45)
	at java.base/java.lang.reflect.Constructor.newInstanceWithCaller(Constructor.java:499)
	at java.base/java.lang.reflect.Constructor.newInstance(Constructor.java:480)
	at org.openqa.selenium.remote.codec.w3c.W3CHttpResponseCodec.createException(W3CHttpResponseCodec.java:199)
	at org.openqa.selenium.remote.codec.w3c.W3CHttpResponseCodec.decode(W3CHttpResponseCodec.java:132)
	at org.openqa.selenium.remote.codec.w3c.W3CHttpResponseCodec.decode(W3CHttpResponseCodec.java:51)
	at org.openqa.selenium.remote.HttpCommandExecutor.execute(HttpCommandExecutor.java:191)
	at org.openqa.selenium.remote.service.DriverCommandExecutor.invokeExecute(DriverCommandExecutor.java:196)
	at org.openqa.selenium.remote.service.DriverCommandExecutor.execute(DriverCommandExecutor.java:171)
	at org.openqa.selenium.remote.RemoteWebDriver.execute(RemoteWebDriver.java:531)
	at org.openqa.selenium.remote.ElementLocation$ElementFinder$2.findElement(ElementLocation.java:165)
	at org.openqa.selenium.remote.ElementLocation.findElement(ElementLocation.java:59)
	at org.openqa.selenium.remote.RemoteWebDriver.findElement(RemoteWebDriver.java:350)
	at org.openqa.selenium.remote.RemoteWebDriver.findElement(RemoteWebDriver.java:344)
	at org.openqa.selenium.support.pagefactory.DefaultElementLocator.findElement(DefaultElementLocator.java:68)
	at org.openqa.selenium.support.pagefactory.internal.LocatingElementHandler.invoke(LocatingElementHandler.java:38)
	at jdk.proxy2/jdk.proxy2.$Proxy22.click(Unknown Source)
	at StepDefinitions.VideoPlayerFunctionality.clickOnPauseButton(VideoPlayerFunctionality.java:158)
	at ✽.user clicks the video again to pause playback(file:///C:/Users/prana/JavaProject/MO_Framework/src/test/resources/features/videoPlayerFunctionality.feature:13)
]]></failure>
    </testcase>
</testsuite>
